== temporary log file in case of crash /home/installer/eb/eb/eb_tmp/eb-Y1TH2Y/easybuild-qItVFO.log
== resolving dependencies ...
== processing EasyBuild easyconfig /home/installer/espent/easybuild-easyconfigs/easybuild/easyconfigs/d/Dalton/Dalton-2016-130ffaa0-intel-2017a.eb
== building and installing Dalton/2016-130ffaa0-intel-2017a...
== fetching files...
== creating build dir, resetting environment...
== unpacking...
== patching...
== preparing...
== configuring...
== building...
== testing...
== installing...
== taking care of extensions...
== postprocessing...
== sanity checking...
== cleaning up...
== creating module...
== permissions...
== packaging...
== COMPLETED: Installation ended successfully
== Results of the build can be found in the log file(s) /global/hds/software/cpu/eb3/Dalton/2016-130ffaa0-intel-2017a/easybuild/easybuild-Dalton-2016-130ffaa0-20180126.160933.log
== Build succeeded for 1 out of 1
== Temporary log file(s) /home/installer/eb/eb/eb_tmp/eb-Y1TH2Y/easybuild-qItVFO.log* have been removed.
== Temporary directory /home/installer/eb/eb/eb_tmp/eb-Y1TH2Y has been removed.
