INFO  [2017-03-20 10:02:38,066] [PipelineCommand] - No retry flag found, set to default value of '5'
INFO  10:02:49,391 HelpFormatter - ---------------------------------------------------------------------- 
INFO  10:02:49,397 HelpFormatter - Biopet version: 0.8.0 (26269612) 
INFO  10:02:49,402 HelpFormatter -  
INFO  10:02:49,407 HelpFormatter - Based on GATK Queue 
INFO  10:02:49,412 HelpFormatter - Copyright (c) 2012 The Broad Institute 
INFO  10:02:49,417 HelpFormatter - For support and documentation go to http://www.broadinstitute.org/gatk 
INFO  10:02:49,422 HelpFormatter - Program Args: -S /nl/lumc/sasc/biopet/pipelines/bammetrics/BamMetrics.class -BAM /groups/umcg-gaf/tmp04/tmp/PlatinumSubset/run01/PlatinumSample.merged.dedup.bam --log_to_file /home/umcg-rkanninga/github/easybuild-easyconfigs/easybuild/easyconfigs/b/Biopet/./.log/bammetrics.1490000558048/queue.log -retry 5 
INFO  10:02:49,428 HelpFormatter - Executing as umcg-rkanninga@calculon on Linux 2.6.32-642.13.1.el6.x86_64 amd64; Java HotSpot(TM) 64-Bit Server VM 1.8.0_74-b02. 
INFO  10:02:49,434 HelpFormatter - Date/Time: 2017/03/20 10:02:49 
INFO  10:02:49,439 HelpFormatter - ---------------------------------------------------------------------- 
INFO  10:02:49,444 HelpFormatter - ---------------------------------------------------------------------- 
INFO  10:02:49,482 BiopetQCommandLine$$anonfun$execute$5 - Scripting BamMetrics 
ERROR 10:02:49,502 Logging$ - Value does not exist but is required, key: output_dir  namespace: bammetrics 
ERROR 10:02:49,706 Logging$ - Value does not exist but is required, key: reference_fasta  namespace: bamstats 
ERROR 10:02:49,718 Logging$ - Species: 'unknown_species' does not exist in config
    No references found in user or global config 
ERROR 10:02:49,730 Logging$ - Value does not exist but is required, key: reference_fasta  namespace: collectmultiplemetrics 
ERROR 10:02:49,736 Logging$ - Species: 'unknown_species' does not exist in config
    No references found in user or global config 
ERROR 10:02:49,745 Logging$ - Value does not exist but is required, key: reference_fasta  namespace: collectgcbiasmetrics 
ERROR 10:02:49,750 Logging$ - Species: 'unknown_species' does not exist in config
    No references found in user or global config 
ERROR 10:02:49,759 Logging$ - Value does not exist but is required, key: reference_fasta  namespace: collectwgsmetrics 
ERROR 10:02:49,764 Logging$ - Species: 'unknown_species' does not exist in config
    No references found in user or global config 
ERROR 10:02:49,775 Logging$ - Value does not exist but is required, key: reference_fasta  namespace: bammetrics 
ERROR 10:02:49,781 Logging$ - Species: 'unknown_species' does not exist in config
    No references found in user or global config 
INFO  10:02:49,789 BiopetQScript - Biopet script done 
INFO  10:02:49,801 BiopetQScript - Running pre commands 
INFO  10:02:50,609 BiopetQScript - Checking input files 
INFO  10:02:50,670 WriteDependencies$ - Start calculating dependencies 
INFO  10:02:50,744 WriteDependencies$ - Writing dependencies to: /home/umcg-rkanninga/github/easybuild-easyconfigs/easybuild/easyconfigs/b/Biopet/.log/bammetrics.1490000558048/graph/deps.json 
WARN  10:02:50,764 WriteDependencies$QueueFile$3 - Input file does not exist:  
WARN  10:02:50,764 WriteDependencies$QueueFile$3 - Input file does not exist: /groups/umcg-gaf/tmp04/tmp/PlatinumSubset/run01/PlatinumSample.merged.dedup.bai 
INFO  10:02:50,973 PipelineStatus$ - Total job: 11, Pending: 10, Ready to run / running: 1, Done: 0, Failed 0 
INFO  10:02:50,981 WriteDependencies$ - done calculating dependencies 
ERROR 10:02:50,986 Logging$ - ************************* 
ERROR 10:02:50,991 Logging$ - Biopet found some errors: 
ERROR 10:02:50,997 Logging$$anonfun$checkErrors$3 - Species: 'unknown_species' does not exist in config
    No references found in user or global config 
ERROR 10:02:51,002 Logging$$anonfun$checkErrors$3 - Value does not exist but is required, key: output_dir  namespace: bammetrics 
ERROR 10:02:51,007 Logging$$anonfun$checkErrors$3 - Value does not exist but is required, key: reference_fasta  namespace: bammetrics 
ERROR 10:02:51,011 Logging$$anonfun$checkErrors$3 - Value does not exist but is required, key: reference_fasta  namespace: bamstats 
ERROR 10:02:51,016 Logging$$anonfun$checkErrors$3 - Value does not exist but is required, key: reference_fasta  namespace: collectgcbiasmetrics 
ERROR 10:02:51,022 Logging$$anonfun$checkErrors$3 - Value does not exist but is required, key: reference_fasta  namespace: collectmultiplemetrics 
ERROR 10:02:51,027 Logging$$anonfun$checkErrors$3 - Value does not exist but is required, key: reference_fasta  namespace: collectwgsmetrics 
INFO  10:02:51,032 BiopetQCommandLine - Done with errors 
ERROR 10:02:51,041 BiopetExecutable$$anonfun$main$2 - java.lang.IllegalStateException: Biopet found errors 
ERROR 10:02:51,047 BiopetExecutable$class - For more info please run with -l debug 
INFO  10:02:51,053 BiopetQCommandLine - Shutting down jobs. Please wait... 
